Arguments: 
  /home/mat/.nvm/versions/node/v11.0.0/bin/node /usr/share/yarn/bin/yarn.js --no-bin-link

PATH: 
  /home/mat/.nvm/versions/node/v11.0.0/bin:/usr/local/sbin:/usr/local/bin:/usr/sbin:/usr/bin:/sbin:/bin:/usr/games:/usr/local/games:/mnt/c/Windows/System32:/mnt/c/Windows:/mnt/c/Windows/System32/wbem:/mnt/c/Windows/System32/WindowsPowerShell/v1.0:/mnt/c/Windows/System32/OpenSSH:/mnt/c/Program Files/nodejs:/mnt/c/Program Files/Git/cmd:/mnt/c/Program Files (x86)/NVIDIA Corporation/PhysX/Common:/mnt/c/Users/matal/AppData/Local/Programs/Python/Python37/Scripts:/mnt/c/Users/matal/AppData/Local/Programs/Python/Python37:/mnt/c/Users/matal/AppData/Local/Microsoft/WindowsApps:/mnt/c/Users/matal/AppData/Roaming/npm:/mnt/c/Users/matal/AppData/Local/Programs/Microsoft VS Code/bin

Yarn version: 
  1.12.1

Node version: 
  11.0.0

Platform: 
  linux x64

Trace: 
  Error: EPERM: operation not permitted, symlink '../bin/acorn' -> '/mnt/d/trabalhos/uesc/web/food-blog/node_modules/acorn/.bin/acorn'

npm manifest: 
  {
    "name": "death-cooks",
    "version": "1.0.0",
    "description": "A food blog",
    "main": "index.js",
    "directories": {
      "test": "test"
    },
    "scripts": {
      "coverage": "jest --colors --coverage",
      "coveralls": "npm run coverage && cat ./coverage/lcov.info | coveralls",
      "build": "webpack --config webpack.prod.js",
      "start": "npm run build && node server/index.js",
      "devStart": "webpack-dev-server --config webpack.dev.js",
      "test": "npm run lint && npm run jest",
      "jest": "jest ./test",
      "lint": "eslint ./src/**/*.js"
    },
    "author": "",
    "license": "ISC",
    "dependencies": {
      "@reach/router": "1.2.1",
      "express": "4.16.3",
      "express-static-gzip": "1.1.3",
      "morgan": "1.9.1",
      "prop-types": "15.6.1",
      "react": "^16.4.0",
      "react-dom": "^16.4.0"
    },
    "devDependencies": {
      "babel-cli": "^6.26.0",
      "babel-core": "^6.26.3",
      "babel-eslint": "8.2.3",
      "babel-loader": "^7.1.4",
      "babel-preset-env": "^1.7.0",
      "babel-preset-react": "^6.24.1",
      "babel-preset-stage-2": "^6.24.1",
      "clean-webpack-plugin": "^0.1.19",
      "compression-webpack-plugin": "2.0.0",
      "copy-webpack-plugin": "4.5.2",
      "coveralls": "3.0.1",
      "css-loader": "^0.28.11",
      "enzyme": "^3.3.0",
      "enzyme-adapter-react-16": "^1.1.1",
      "eslint": "4.19.1",
      "eslint-config-airbnb": "16.1.0",
      "eslint-config-prettier": "2.9.0",
      "eslint-loader": "2.0.0",
      "eslint-plugin-import": "2.12.0",
      "eslint-plugin-jsx-a11y": "6.0.3",
      "eslint-plugin-react": "7.9.1",
      "file-loader": "2.0.0",
      "html-webpack-plugin": "^3.2.0",
      "jest": "^23.1.0",
      "node-sass": "^4.9.0",
      "react-test-renderer": "16.5.2",
      "sass-loader": "^7.0.2",
      "style-loader": "^0.21.0",
      "uglifyjs-webpack-plugin": "2.0.1",
      "url-loader": "1.1.1",
      "webpack": "^4.10.2",
      "webpack-cli": "^3.0.2",
      "webpack-dev-server": "^3.1.4",
      "webpack-merge": "^4.1.2"
    },
    "jest": {
      "setupTestFrameworkScriptFile": "./test/enzyme.setup.js"
    }
  }

yarn manifest: 
  No manifest

Lockfile: 
  No lockfile
